2025-10-15 00:12:41 [INFO]: Database Write {"collection":"backup","operation":"backupAll","recordCount":1,"success":true,"duration":"0ms"}
2025-10-15 01:12:41 [INFO]: Database Write {"collection":"backup","operation":"backupAll","recordCount":1,"success":true,"duration":"0ms"}
2025-10-15 02:12:41 [INFO]: Database Write {"collection":"backup","operation":"backupAll","recordCount":1,"success":true,"duration":"0ms"}
2025-10-15 03:12:41 [INFO]: Database Write {"collection":"backup","operation":"backupAll","recordCount":1,"success":true,"duration":"0ms"}
2025-10-15 04:12:41 [INFO]: Database Write {"collection":"backup","operation":"backupAll","recordCount":1,"success":true,"duration":"0ms"}
2025-10-15 05:12:41 [INFO]: Database Write {"collection":"backup","operation":"backupAll","recordCount":1,"success":true,"duration":"0ms"}
2025-10-15 06:12:41 [INFO]: Database Write {"collection":"backup","operation":"backupAll","recordCount":1,"success":true,"duration":"0ms"}
2025-10-15 07:12:41 [INFO]: Database Write {"collection":"backup","operation":"backupAll","recordCount":1,"success":true,"duration":"0ms"}
2025-10-15 07:34:13 [INFO]: Received SIGINT, shutting down gracefully...
2025-10-15 07:34:13 [INFO]: Shutting down bot: SIGINT received
2025-10-15 07:34:14 [INFO]: Database Write {"collection":"backup","operation":"backupAll","recordCount":1,"success":true,"duration":"0ms"}
2025-10-15 07:34:19 [INFO]: ============================================================
2025-10-15 07:34:19 [INFO]: KS Bot - Application & Ticket System with Roblox Integration
2025-10-15 07:34:19 [INFO]: Version 2.0.0
2025-10-15 07:34:19 [INFO]: ============================================================
2025-10-15 07:34:19 [INFO]: Initializing bot...
2025-10-15 07:34:19 [INFO]: Initializing database system...
2025-10-15 07:34:19 [INFO]: Initializing database system...
2025-10-15 07:34:19 [INFO]: Database system initialized successfully
2025-10-15 07:34:39 [INFO]: ============================================================
2025-10-15 07:34:39 [INFO]: KS Bot - Application & Ticket System with Roblox Integration
2025-10-15 07:34:39 [INFO]: Version 2.0.0
2025-10-15 07:34:39 [INFO]: ============================================================
2025-10-15 07:34:39 [INFO]: Initializing bot...
2025-10-15 07:34:39 [INFO]: Initializing database system...
2025-10-15 07:34:39 [INFO]: Initializing database system...
2025-10-15 07:34:39 [INFO]: Database system initialized successfully
2025-10-15 07:34:39 [INFO]: Loading 21 command files...
2025-10-15 07:34:39 [INFO]: Successfully loaded 15 commands
2025-10-15 07:34:39 [INFO]: Logging in to Discord...
2025-10-15 07:34:40 [INFO]: ============================================================
2025-10-15 07:34:40 [INFO]: Bot is now online and ready!
2025-10-15 07:34:40 [INFO]: ============================================================
2025-10-15 07:36:32 [INFO]: Received SIGINT, shutting down gracefully...
2025-10-15 07:36:32 [INFO]: Shutting down bot: SIGINT received
2025-10-15 07:36:32 [INFO]: Database Write {"collection":"backup","operation":"backupAll","recordCount":1,"success":true,"duration":"0ms"}
2025-10-15 16:24:25 [INFO]: ============================================================
2025-10-15 16:24:25 [INFO]: KS Bot - Application & Ticket System with Roblox Integration
2025-10-15 16:24:25 [INFO]: Version 2.0.0
2025-10-15 16:24:25 [INFO]: ============================================================
2025-10-15 16:24:25 [INFO]: Initializing bot...
2025-10-15 16:24:25 [INFO]: Initializing database system...
2025-10-15 16:24:25 [INFO]: Initializing database system...
2025-10-15 16:24:25 [INFO]: Database system initialized successfully
2025-10-15 16:24:25 [INFO]: Loading 21 command files...
2025-10-15 16:24:25 [INFO]: Successfully loaded 15 commands
2025-10-15 16:24:25 [INFO]: Logging in to Discord...
2025-10-15 16:24:26 [INFO]: ============================================================
2025-10-15 16:24:26 [INFO]: Bot is now online and ready!
2025-10-15 16:24:26 [INFO]: ============================================================
2025-10-15 16:25:36 [INFO]: Received SIGINT, shutting down gracefully...
2025-10-15 16:25:36 [INFO]: Shutting down bot: SIGINT received
2025-10-15 16:25:36 [INFO]: Database Write {"collection":"backup","operation":"backupAll","recordCount":1,"success":true,"duration":"0ms"}
2025-10-15 16:26:50 [INFO]: ============================================================
2025-10-15 16:26:50 [INFO]: KS Bot - Application & Ticket System with Roblox Integration
2025-10-15 16:26:50 [INFO]: Version 2.0.0
2025-10-15 16:26:50 [INFO]: ============================================================
2025-10-15 16:26:50 [INFO]: Initializing bot...
2025-10-15 16:26:50 [INFO]: Initializing database system...
2025-10-15 16:26:50 [INFO]: Initializing database system...
2025-10-15 16:26:50 [INFO]: Database system initialized successfully
2025-10-15 16:29:34 [INFO]: ============================================================
2025-10-15 16:29:34 [INFO]: KS Bot - Application & Ticket System with Roblox Integration
2025-10-15 16:29:34 [INFO]: Version 2.0.0
2025-10-15 16:29:34 [INFO]: ============================================================
2025-10-15 16:29:34 [INFO]: Initializing bot...
2025-10-15 16:29:34 [INFO]: Initializing database system...
2025-10-15 16:29:34 [INFO]: Initializing database system...
2025-10-15 16:29:34 [INFO]: Database system initialized successfully
2025-10-15 16:29:34 [INFO]: Loading 21 command files...
2025-10-15 16:29:35 [INFO]: Successfully loaded 15 commands
2025-10-15 16:29:35 [INFO]: Registering slash commands...
2025-10-15 16:29:35 [INFO]: Registering 3 slash commands with Discord...
2025-10-15 16:29:35 [INFO]: Registering commands globally...
2025-10-15 16:29:35 [INFO]: ✅ Successfully registered 3 global commands!
2025-10-15 16:30:49 [INFO]: ============================================================
2025-10-15 16:30:49 [INFO]: KS Bot - Application & Ticket System with Roblox Integration
2025-10-15 16:30:49 [INFO]: Version 2.0.0
2025-10-15 16:30:49 [INFO]: ============================================================
2025-10-15 16:30:49 [INFO]: Initializing bot...
2025-10-15 16:30:49 [INFO]: Initializing database system...
2025-10-15 16:30:49 [INFO]: Initializing database system...
2025-10-15 16:30:49 [INFO]: Database system initialized successfully
2025-10-15 16:30:49 [INFO]: Loading 21 command files...
2025-10-15 16:30:49 [INFO]: Successfully loaded 15 commands
2025-10-15 16:30:49 [INFO]: Logging in to Discord...
2025-10-15 16:30:50 [INFO]: ============================================================
2025-10-15 16:30:50 [INFO]: Bot is now online and ready!
2025-10-15 16:30:50 [INFO]: ============================================================
2025-10-15 16:47:49 [INFO]: Received SIGINT, shutting down gracefully...
2025-10-15 16:47:49 [INFO]: Shutting down bot: SIGINT received
2025-10-15 16:47:49 [INFO]: Database Write {"collection":"backup","operation":"backupAll","recordCount":1,"success":true,"duration":"0ms"}
2025-10-15 16:47:59 [INFO]: ============================================================
2025-10-15 16:47:59 [INFO]: KS Bot - Application & Ticket System with Roblox Integration
2025-10-15 16:47:59 [INFO]: Version 2.0.0
2025-10-15 16:47:59 [INFO]: ============================================================
2025-10-15 16:47:59 [INFO]: Initializing bot...
2025-10-15 16:47:59 [INFO]: Initializing database system...
2025-10-15 16:47:59 [INFO]: Initializing database system...
2025-10-15 16:47:59 [INFO]: Database system initialized successfully
2025-10-15 16:47:59 [INFO]: Loading 21 command files...
2025-10-15 16:47:59 [INFO]: Successfully loaded 15 commands
2025-10-15 16:47:59 [INFO]: Logging in to Discord...
2025-10-15 16:48:00 [INFO]: ============================================================
2025-10-15 16:48:00 [INFO]: Bot is now online and ready!
2025-10-15 16:48:00 [INFO]: ============================================================
2025-10-15 16:48:00 [INFO]: Logged in as KS Application Bot#7136!
2025-10-15 16:48:00 [INFO]: Serving 1 guilds
2025-10-15 16:48:45 [ERROR]: Slash command execution error {"command":"ticket","error":"serverDb.updateTicketSettings is not a function"}
TypeError: serverDb.updateTicketSettings is not a function
    at Object.execute (C:\Users\Owner\OneDrive\Desktop\KS Application Bot\discord\ticket\setup.js:43:20)
    at process.processTicksAndRejections (node:internal/process/task_queues:105:5)
    at async Client.<anonymous> (C:\Users\Owner\OneDrive\Desktop\KS Application Bot\core\bot.js:127:7)
2025-10-15 17:47:59 [INFO]: Database Write {"collection":"backup","operation":"backupAll","recordCount":1,"success":true,"duration":"0ms"}
2025-10-15 18:47:59 [INFO]: Database Write {"collection":"backup","operation":"backupAll","recordCount":1,"success":true,"duration":"0ms"}
2025-10-15 19:47:59 [INFO]: Database Write {"collection":"backup","operation":"backupAll","recordCount":1,"success":true,"duration":"0ms"}
2025-10-15 20:47:59 [INFO]: Database Write {"collection":"backup","operation":"backupAll","recordCount":1,"success":true,"duration":"0ms"}
2025-10-15 21:47:59 [INFO]: Database Write {"collection":"backup","operation":"backupAll","recordCount":1,"success":true,"duration":"0ms"}
2025-10-15 22:47:59 [INFO]: Database Write {"collection":"backup","operation":"backupAll","recordCount":1,"success":true,"duration":"0ms"}
2025-10-15 23:47:59 [INFO]: Database Write {"collection":"backup","operation":"backupAll","recordCount":1,"success":true,"duration":"0ms"}
