2025-10-13 21:27:33 [ERROR]: UNCAUGHT EXCEPTION {"error":{"name":"Error","message":"Cannot find module '../../shared/constants'\nRequire stack:\n- C:\\Users\\Owner\\OneDrive\\Desktop\\KS Application Bot\\data\\db_handler.js\n- C:\\Users\\Owner\\OneDrive\\Desktop\\KS Application Bot\\data\\servers\\index.js\n- C:\\Users\\Owner\\OneDrive\\Desktop\\KS Application Bot\\core\\bot.js\n- C:\\Users\\Owner\\OneDrive\\Desktop\\KS Application Bot\\index.js","stack":"Error: Cannot find module '../../shared/constants'\nRequire stack:\n- C:\\Users\\Owner\\OneDrive\\Desktop\\KS Application Bot\\data\\db_handler.js\n- C:\\Users\\Owner\\OneDrive\\Desktop\\KS Application Bot\\data\\servers\\index.js\n- C:\\Users\\Owner\\OneDrive\\Desktop\\KS Application Bot\\core\\bot.js\n- C:\\Users\\Owner\\OneDrive\\Desktop\\KS Application Bot\\index.js\n    at Function._resolveFilename (node:internal/modules/cjs/loader:1394:15)\n    at defaultResolveImpl (node:internal/modules/cjs/loader:1050:19)\n    at resolveForCJSWithHooks (node:internal/modules/cjs/loader:1055:22)\n    at Function._load (node:internal/modules/cjs/loader:1204:37)\n    at TracingChannel.traceSync (node:diagnostics_channel:322:14)\n    at wrapModuleLoad (node:internal/modules/cjs/loader:234:24)\n    at Module.require (node:internal/modules/cjs/loader:1480:12)\n    at require (node:internal/modules/helpers:135:16)\n    at Object.<anonymous> (C:\\Users\\Owner\\OneDrive\\Desktop\\KS Application Bot\\data\\db_handler.js:12:19)\n    at Module._compile (node:internal/modules/cjs/loader:1723:14)"}}
2025-10-13 21:34:12 [INFO]: ============================================================
2025-10-13 21:34:12 [INFO]: KS Bot - Application & Ticket System with Roblox Integration
2025-10-13 21:34:12 [INFO]: Version 2.0.0
2025-10-13 21:34:12 [INFO]: ============================================================
2025-10-13 21:34:12 [INFO]: Initializing bot...
2025-10-13 21:34:12 [INFO]: Initializing database system...
2025-10-13 21:34:12 [INFO]: Initializing database system...
2025-10-13 21:34:12 [ERROR]: Failed to initialize database dbLogger.debug is not a function
TypeError: dbLogger.debug is not a function
    at DatabaseHandler.ensureDirectories (C:\Users\Owner\OneDrive\Desktop\KS Application Bot\data\db_handler.js:49:14)
    at async DatabaseHandler.initialize (C:\Users\Owner\OneDrive\Desktop\KS Application Bot\data\db_handler.js:24:7)
    at async Object.initialize (C:\Users\Owner\OneDrive\Desktop\KS Application Bot\core\bot.js:32:3)
    at async main (C:\Users\Owner\OneDrive\Desktop\KS Application Bot\index.js:62:5)
2025-10-13 21:36:25 [INFO]: ============================================================
2025-10-13 21:36:25 [INFO]: KS Bot - Application & Ticket System with Roblox Integration
2025-10-13 21:36:25 [INFO]: Version 2.0.0
2025-10-13 21:36:25 [INFO]: ============================================================
2025-10-13 21:36:25 [INFO]: Initializing bot...
2025-10-13 21:36:25 [INFO]: Initializing database system...
2025-10-13 21:36:25 [INFO]: Initializing database system...
2025-10-13 21:36:25 [INFO]: Database system initialized successfully
2025-10-13 21:36:25 [INFO]: Loading 0 commands...
2025-10-13 21:36:25 [INFO]: Logging in to Discord...
2025-10-13 21:36:26 [INFO]: ============================================================
2025-10-13 21:36:26 [INFO]: Bot is now online and ready!
2025-10-13 21:36:26 [INFO]: ============================================================
2025-10-13 21:36:26 [INFO]: Logged in as KS Application Bot#7136!
2025-10-13 21:36:26 [INFO]: Serving 1 guilds
2025-10-13 21:37:51 [INFO]: Received SIGINT, shutting down gracefully...
2025-10-13 21:42:28 [INFO]: ============================================================
2025-10-13 21:42:28 [INFO]: KS Bot - Application & Ticket System with Roblox Integration
2025-10-13 21:42:28 [INFO]: Version 2.0.0
2025-10-13 21:42:28 [INFO]: ============================================================
2025-10-13 21:42:28 [INFO]: Initializing bot...
2025-10-13 21:42:28 [INFO]: Initializing database system...
2025-10-13 21:42:28 [INFO]: Initializing database system...
2025-10-13 21:42:28 [INFO]: Database system initialized successfully
2025-10-13 21:42:28 [INFO]: Loading 0 commands...
2025-10-13 21:42:28 [INFO]: Logging in to Discord...
2025-10-13 21:42:30 [INFO]: ============================================================
2025-10-13 21:42:30 [INFO]: Bot is now online and ready!
2025-10-13 21:42:30 [INFO]: ============================================================
2025-10-13 21:42:30 [INFO]: Logged in as KS Application Bot#7136!
2025-10-13 21:42:30 [INFO]: Serving 1 guilds
2025-10-13 21:47:40 [INFO]: Received SIGINT, shutting down gracefully...
2025-10-13 21:47:40 [INFO]: Shutting down bot: SIGINT received
2025-10-13 21:47:40 [INFO]: Database Write {"collection":"backup","operation":"backupAll","recordCount":1,"success":true,"duration":"0ms"}
2025-10-13 21:47:46 [INFO]: ============================================================
2025-10-13 21:47:46 [INFO]: KS Bot - Application & Ticket System with Roblox Integration
2025-10-13 21:47:46 [INFO]: Version 2.0.0
2025-10-13 21:47:46 [INFO]: ============================================================
2025-10-13 21:47:46 [INFO]: Initializing bot...
2025-10-13 21:47:46 [INFO]: Initializing database system...
2025-10-13 21:47:46 [INFO]: Initializing database system...
2025-10-13 21:47:46 [INFO]: Database system initialized successfully
2025-10-13 21:47:46 [INFO]: Loading 21 command files...
2025-10-13 21:47:46 [ERROR]: Failed to load command approve.js {"error":"Cannot find module './db_handler'\nRequire stack:\n- C:\\Users\\Owner\\OneDrive\\Desktop\\KS Application Bot\\core\\database\\applications.js\n- C:\\Users\\Owner\\OneDrive\\Desktop\\KS Application Bot\\handlers\\application_handler.js\n- C:\\Users\\Owner\\OneDrive\\Desktop\\KS Application Bot\\discord\\application\\approve.js\n- C:\\Users\\Owner\\OneDrive\\Desktop\\KS Application Bot\\core\\bot.js\n- C:\\Users\\Owner\\OneDrive\\Desktop\\KS Application Bot\\index.js"}
2025-10-13 21:47:46 [ERROR]: Failed to load command create.js {"error":"Cannot find module '../../../core/database/servers'\nRequire stack:\n- C:\\Users\\Owner\\OneDrive\\Desktop\\KS Application Bot\\discord\\application\\create.js\n- C:\\Users\\Owner\\OneDrive\\Desktop\\KS Application Bot\\core\\bot.js\n- C:\\Users\\Owner\\OneDrive\\Desktop\\KS Application Bot\\index.js"}
2025-10-13 21:47:46 [ERROR]: Failed to load command deny.js {"error":"Cannot find module './db_handler'\nRequire stack:\n- C:\\Users\\Owner\\OneDrive\\Desktop\\KS Application Bot\\core\\database\\applications.js\n- C:\\Users\\Owner\\OneDrive\\Desktop\\KS Application Bot\\handlers\\application_handler.js\n- C:\\Users\\Owner\\OneDrive\\Desktop\\KS Application Bot\\discord\\application\\deny.js\n- C:\\Users\\Owner\\OneDrive\\Desktop\\KS Application Bot\\core\\bot.js\n- C:\\Users\\Owner\\OneDrive\\Desktop\\KS Application Bot\\index.js"}
2025-10-13 21:47:46 [ERROR]: Failed to load command list.js {"error":"Cannot find module '../../../core/database/applications'\nRequire stack:\n- C:\\Users\\Owner\\OneDrive\\Desktop\\KS Application Bot\\discord\\application\\list.js\n- C:\\Users\\Owner\\OneDrive\\Desktop\\KS Application Bot\\core\\bot.js\n- C:\\Users\\Owner\\OneDrive\\Desktop\\KS Application Bot\\index.js"}
2025-10-13 21:47:46 [ERROR]: Failed to load command view.js {"error":"Cannot find module '../../../core/database/applications'\nRequire stack:\n- C:\\Users\\Owner\\OneDrive\\Desktop\\KS Application Bot\\discord\\application\\view.js\n- C:\\Users\\Owner\\OneDrive\\Desktop\\KS Application Bot\\core\\bot.js\n- C:\\Users\\Owner\\OneDrive\\Desktop\\KS Application Bot\\index.js"}
2025-10-13 21:47:46 [ERROR]: Failed to load command applications.js {"error":"Cannot find module '../../../core/database/servers'\nRequire stack:\n- C:\\Users\\Owner\\OneDrive\\Desktop\\KS Application Bot\\discord\\dashboard\\applications.js\n- C:\\Users\\Owner\\OneDrive\\Desktop\\KS Application Bot\\core\\bot.js\n- C:\\Users\\Owner\\OneDrive\\Desktop\\KS Application Bot\\index.js"}
2025-10-13 21:47:46 [ERROR]: Failed to load command roblox.js {"error":"Cannot find module '../../../core/database/servers'\nRequire stack:\n- C:\\Users\\Owner\\OneDrive\\Desktop\\KS Application Bot\\discord\\dashboard\\roblox.js\n- C:\\Users\\Owner\\OneDrive\\Desktop\\KS Application Bot\\core\\bot.js\n- C:\\Users\\Owner\\OneDrive\\Desktop\\KS Application Bot\\index.js"}
2025-10-13 21:47:46 [ERROR]: Failed to load command setup.js {"error":"Cannot find module '../../../core/database/servers'\nRequire stack:\n- C:\\Users\\Owner\\OneDrive\\Desktop\\KS Application Bot\\discord\\dashboard\\setup.js\n- C:\\Users\\Owner\\OneDrive\\Desktop\\KS Application Bot\\core\\bot.js\n- C:\\Users\\Owner\\OneDrive\\Desktop\\KS Application Bot\\index.js"}
2025-10-13 21:47:46 [ERROR]: Failed to load command tickets.js {"error":"Cannot find module '../../../core/database/tickets'\nRequire stack:\n- C:\\Users\\Owner\\OneDrive\\Desktop\\KS Application Bot\\discord\\dashboard\\tickets.js\n- C:\\Users\\Owner\\OneDrive\\Desktop\\KS Application Bot\\core\\bot.js\n- C:\\Users\\Owner\\OneDrive\\Desktop\\KS Application Bot\\index.js"}
2025-10-13 21:47:46 [ERROR]: Failed to load command guildCreate.js {"error":"Cannot find module '../db_handler'\nRequire stack:\n- C:\\Users\\Owner\\OneDrive\\Desktop\\KS Application Bot\\core\\database\\servers.js\n- C:\\Users\\Owner\\OneDrive\\Desktop\\KS Application Bot\\discord\\events\\guildCreate.js\n- C:\\Users\\Owner\\OneDrive\\Desktop\\KS Application Bot\\core\\bot.js\n- C:\\Users\\Owner\\OneDrive\\Desktop\\KS Application Bot\\index.js"}
2025-10-13 21:47:46 [ERROR]: Failed to load command interactionCreate.js {"error":"Cannot find module '../db_handler'\nRequire stack:\n- C:\\Users\\Owner\\OneDrive\\Desktop\\KS Application Bot\\core\\database\\servers.js\n- C:\\Users\\Owner\\OneDrive\\Desktop\\KS Application Bot\\discord\\handlers\\application_handler.js\n- C:\\Users\\Owner\\OneDrive\\Desktop\\KS Application Bot\\discord\\events\\interactionCreate.js\n- C:\\Users\\Owner\\OneDrive\\Desktop\\KS Application Bot\\core\\bot.js\n- C:\\Users\\Owner\\OneDrive\\Desktop\\KS Application Bot\\index.js"}
2025-10-13 21:47:46 [ERROR]: Failed to load command messageCreate.js {"error":"Cannot find module './db_handler'\nRequire stack:\n- C:\\Users\\Owner\\OneDrive\\Desktop\\KS Application Bot\\core\\database\\tickets.js\n- C:\\Users\\Owner\\OneDrive\\Desktop\\KS Application Bot\\discord\\events\\messageCreate.js\n- C:\\Users\\Owner\\OneDrive\\Desktop\\KS Application Bot\\core\\bot.js\n- C:\\Users\\Owner\\OneDrive\\Desktop\\KS Application Bot\\index.js"}
2025-10-13 21:47:46 [ERROR]: Failed to load command application_handler.js {"error":"Cannot find module '../db_handler'\nRequire stack:\n- C:\\Users\\Owner\\OneDrive\\Desktop\\KS Application Bot\\core\\database\\servers.js\n- C:\\Users\\Owner\\OneDrive\\Desktop\\KS Application Bot\\discord\\handlers\\application_handler.js\n- C:\\Users\\Owner\\OneDrive\\Desktop\\KS Application Bot\\core\\bot.js\n- C:\\Users\\Owner\\OneDrive\\Desktop\\KS Application Bot\\index.js"}
2025-10-13 21:47:46 [ERROR]: Failed to load command permission_handler.js {"error":"Cannot find module '../db_handler'\nRequire stack:\n- C:\\Users\\Owner\\OneDrive\\Desktop\\KS Application Bot\\core\\database\\servers.js\n- C:\\Users\\Owner\\OneDrive\\Desktop\\KS Application Bot\\discord\\handlers\\permission_handler.js\n- C:\\Users\\Owner\\OneDrive\\Desktop\\KS Application Bot\\core\\bot.js\n- C:\\Users\\Owner\\OneDrive\\Desktop\\KS Application Bot\\index.js"}
2025-10-13 21:47:46 [ERROR]: Failed to load command ticket_handler.js {"error":"Cannot find module '../db_handler'\nRequire stack:\n- C:\\Users\\Owner\\OneDrive\\Desktop\\KS Application Bot\\core\\database\\servers.js\n- C:\\Users\\Owner\\OneDrive\\Desktop\\KS Application Bot\\discord\\handlers\\ticket_handler.js\n- C:\\Users\\Owner\\OneDrive\\Desktop\\KS Application Bot\\core\\bot.js\n- C:\\Users\\Owner\\OneDrive\\Desktop\\KS Application Bot\\index.js"}
2025-10-13 21:47:46 [ERROR]: Failed to load command add.js {"error":"Cannot find module './db_handler'\nRequire stack:\n- C:\\Users\\Owner\\OneDrive\\Desktop\\KS Application Bot\\core\\database\\tickets.js\n- C:\\Users\\Owner\\OneDrive\\Desktop\\KS Application Bot\\handlers\\ticket_handler.js\n- C:\\Users\\Owner\\OneDrive\\Desktop\\KS Application Bot\\discord\\ticket\\add.js\n- C:\\Users\\Owner\\OneDrive\\Desktop\\KS Application Bot\\core\\bot.js\n- C:\\Users\\Owner\\OneDrive\\Desktop\\KS Application Bot\\index.js"}
2025-10-13 21:47:46 [ERROR]: Failed to load command close.js {"error":"Cannot find module './db_handler'\nRequire stack:\n- C:\\Users\\Owner\\OneDrive\\Desktop\\KS Application Bot\\core\\database\\tickets.js\n- C:\\Users\\Owner\\OneDrive\\Desktop\\KS Application Bot\\handlers\\ticket_handler.js\n- C:\\Users\\Owner\\OneDrive\\Desktop\\KS Application Bot\\discord\\ticket\\close.js\n- C:\\Users\\Owner\\OneDrive\\Desktop\\KS Application Bot\\core\\bot.js\n- C:\\Users\\Owner\\OneDrive\\Desktop\\KS Application Bot\\index.js"}
2025-10-13 21:47:46 [ERROR]: Failed to load command setup.js {"error":"Cannot find module '../../../core/database/servers'\nRequire stack:\n- C:\\Users\\Owner\\OneDrive\\Desktop\\KS Application Bot\\discord\\ticket\\setup.js\n- C:\\Users\\Owner\\OneDrive\\Desktop\\KS Application Bot\\core\\bot.js\n- C:\\Users\\Owner\\OneDrive\\Desktop\\KS Application Bot\\index.js"}
2025-10-13 21:47:46 [INFO]: Successfully loaded 0 commands
2025-10-13 21:47:46 [INFO]: Logging in to Discord...
2025-10-13 21:47:47 [INFO]: ============================================================
2025-10-13 21:47:47 [INFO]: Bot is now online and ready!
2025-10-13 21:47:47 [INFO]: ============================================================
2025-10-13 21:49:35 [INFO]: Received SIGINT, shutting down gracefully...
2025-10-13 21:49:35 [INFO]: Shutting down bot: SIGINT received
2025-10-13 21:49:35 [INFO]: Database Write {"collection":"backup","operation":"backupAll","recordCount":1,"success":true,"duration":"0ms"}
2025-10-13 21:54:58 [INFO]: ============================================================
2025-10-13 21:54:58 [INFO]: KS Bot - Application & Ticket System with Roblox Integration
2025-10-13 21:54:58 [INFO]: Version 2.0.0
2025-10-13 21:54:58 [INFO]: ============================================================
2025-10-13 21:54:58 [INFO]: Initializing bot...
2025-10-13 21:54:58 [INFO]: Initializing database system...
2025-10-13 21:54:58 [INFO]: Initializing database system...
2025-10-13 21:54:58 [INFO]: Database system initialized successfully
2025-10-13 21:54:58 [INFO]: Loading 21 command files...
2025-10-13 21:54:58 [ERROR]: Failed to load command approve.js {"error":"Cannot find module '../data/db_handler'\nRequire stack:\n- C:\\Users\\Owner\\OneDrive\\Desktop\\KS Application Bot\\core\\database\\applications.js\n- C:\\Users\\Owner\\OneDrive\\Desktop\\KS Application Bot\\handlers\\application_handler.js\n- C:\\Users\\Owner\\OneDrive\\Desktop\\KS Application Bot\\discord\\application\\approve.js\n- C:\\Users\\Owner\\OneDrive\\Desktop\\KS Application Bot\\core\\bot.js\n- C:\\Users\\Owner\\OneDrive\\Desktop\\KS Application Bot\\index.js"}
2025-10-13 21:54:58 [ERROR]: Failed to load command create.js {"error":"Cannot find module '../../../core/database/servers'\nRequire stack:\n- C:\\Users\\Owner\\OneDrive\\Desktop\\KS Application Bot\\discord\\application\\create.js\n- C:\\Users\\Owner\\OneDrive\\Desktop\\KS Application Bot\\core\\bot.js\n- C:\\Users\\Owner\\OneDrive\\Desktop\\KS Application Bot\\index.js"}
2025-10-13 21:54:58 [ERROR]: Failed to load command deny.js {"error":"Cannot find module '../data/db_handler'\nRequire stack:\n- C:\\Users\\Owner\\OneDrive\\Desktop\\KS Application Bot\\core\\database\\applications.js\n- C:\\Users\\Owner\\OneDrive\\Desktop\\KS Application Bot\\handlers\\application_handler.js\n- C:\\Users\\Owner\\OneDrive\\Desktop\\KS Application Bot\\discord\\application\\deny.js\n- C:\\Users\\Owner\\OneDrive\\Desktop\\KS Application Bot\\core\\bot.js\n- C:\\Users\\Owner\\OneDrive\\Desktop\\KS Application Bot\\index.js"}
2025-10-13 21:54:58 [ERROR]: Failed to load command list.js {"error":"Cannot find module '../../../core/database/applications'\nRequire stack:\n- C:\\Users\\Owner\\OneDrive\\Desktop\\KS Application Bot\\discord\\application\\list.js\n- C:\\Users\\Owner\\OneDrive\\Desktop\\KS Application Bot\\core\\bot.js\n- C:\\Users\\Owner\\OneDrive\\Desktop\\KS Application Bot\\index.js"}
2025-10-13 21:54:58 [ERROR]: Failed to load command view.js {"error":"Cannot find module '../../../core/database/applications'\nRequire stack:\n- C:\\Users\\Owner\\OneDrive\\Desktop\\KS Application Bot\\discord\\application\\view.js\n- C:\\Users\\Owner\\OneDrive\\Desktop\\KS Application Bot\\core\\bot.js\n- C:\\Users\\Owner\\OneDrive\\Desktop\\KS Application Bot\\index.js"}
2025-10-13 21:54:58 [ERROR]: Failed to load command applications.js {"error":"Cannot find module '../../../core/database/servers'\nRequire stack:\n- C:\\Users\\Owner\\OneDrive\\Desktop\\KS Application Bot\\discord\\dashboard\\applications.js\n- C:\\Users\\Owner\\OneDrive\\Desktop\\KS Application Bot\\core\\bot.js\n- C:\\Users\\Owner\\OneDrive\\Desktop\\KS Application Bot\\index.js"}
2025-10-13 21:54:58 [ERROR]: Failed to load command roblox.js {"error":"Cannot find module '../../../core/database/servers'\nRequire stack:\n- C:\\Users\\Owner\\OneDrive\\Desktop\\KS Application Bot\\discord\\dashboard\\roblox.js\n- C:\\Users\\Owner\\OneDrive\\Desktop\\KS Application Bot\\core\\bot.js\n- C:\\Users\\Owner\\OneDrive\\Desktop\\KS Application Bot\\index.js"}
2025-10-13 21:54:58 [ERROR]: Failed to load command setup.js {"error":"Cannot find module '../../../core/database/servers'\nRequire stack:\n- C:\\Users\\Owner\\OneDrive\\Desktop\\KS Application Bot\\discord\\dashboard\\setup.js\n- C:\\Users\\Owner\\OneDrive\\Desktop\\KS Application Bot\\core\\bot.js\n- C:\\Users\\Owner\\OneDrive\\Desktop\\KS Application Bot\\index.js"}
2025-10-13 21:54:58 [ERROR]: Failed to load command tickets.js {"error":"Cannot find module '../../../core/database/tickets'\nRequire stack:\n- C:\\Users\\Owner\\OneDrive\\Desktop\\KS Application Bot\\discord\\dashboard\\tickets.js\n- C:\\Users\\Owner\\OneDrive\\Desktop\\KS Application Bot\\core\\bot.js\n- C:\\Users\\Owner\\OneDrive\\Desktop\\KS Application Bot\\index.js"}
2025-10-13 21:54:58 [ERROR]: Failed to load command guildCreate.js {"error":"Cannot find module '../data/db_handler'\nRequire stack:\n- C:\\Users\\Owner\\OneDrive\\Desktop\\KS Application Bot\\core\\database\\servers.js\n- C:\\Users\\Owner\\OneDrive\\Desktop\\KS Application Bot\\discord\\events\\guildCreate.js\n- C:\\Users\\Owner\\OneDrive\\Desktop\\KS Application Bot\\core\\bot.js\n- C:\\Users\\Owner\\OneDrive\\Desktop\\KS Application Bot\\index.js"}
2025-10-13 21:54:58 [ERROR]: Failed to load command interactionCreate.js {"error":"Cannot find module '../data/db_handler'\nRequire stack:\n- C:\\Users\\Owner\\OneDrive\\Desktop\\KS Application Bot\\core\\database\\servers.js\n- C:\\Users\\Owner\\OneDrive\\Desktop\\KS Application Bot\\discord\\handlers\\application_handler.js\n- C:\\Users\\Owner\\OneDrive\\Desktop\\KS Application Bot\\discord\\events\\interactionCreate.js\n- C:\\Users\\Owner\\OneDrive\\Desktop\\KS Application Bot\\core\\bot.js\n- C:\\Users\\Owner\\OneDrive\\Desktop\\KS Application Bot\\index.js"}
2025-10-13 21:54:58 [ERROR]: Failed to load command messageCreate.js {"error":"Cannot find module '../data/db_handler'\nRequire stack:\n- C:\\Users\\Owner\\OneDrive\\Desktop\\KS Application Bot\\core\\database\\tickets.js\n- C:\\Users\\Owner\\OneDrive\\Desktop\\KS Application Bot\\discord\\events\\messageCreate.js\n- C:\\Users\\Owner\\OneDrive\\Desktop\\KS Application Bot\\core\\bot.js\n- C:\\Users\\Owner\\OneDrive\\Desktop\\KS Application Bot\\index.js"}
2025-10-13 21:54:58 [ERROR]: Failed to load command application_handler.js {"error":"Cannot find module '../data/db_handler'\nRequire stack:\n- C:\\Users\\Owner\\OneDrive\\Desktop\\KS Application Bot\\core\\database\\servers.js\n- C:\\Users\\Owner\\OneDrive\\Desktop\\KS Application Bot\\discord\\handlers\\application_handler.js\n- C:\\Users\\Owner\\OneDrive\\Desktop\\KS Application Bot\\core\\bot.js\n- C:\\Users\\Owner\\OneDrive\\Desktop\\KS Application Bot\\index.js"}
2025-10-13 21:54:58 [ERROR]: Failed to load command permission_handler.js {"error":"Cannot find module '../data/db_handler'\nRequire stack:\n- C:\\Users\\Owner\\OneDrive\\Desktop\\KS Application Bot\\core\\database\\servers.js\n- C:\\Users\\Owner\\OneDrive\\Desktop\\KS Application Bot\\discord\\handlers\\permission_handler.js\n- C:\\Users\\Owner\\OneDrive\\Desktop\\KS Application Bot\\core\\bot.js\n- C:\\Users\\Owner\\OneDrive\\Desktop\\KS Application Bot\\index.js"}
2025-10-13 21:54:58 [ERROR]: Failed to load command ticket_handler.js {"error":"Cannot find module '../data/db_handler'\nRequire stack:\n- C:\\Users\\Owner\\OneDrive\\Desktop\\KS Application Bot\\core\\database\\servers.js\n- C:\\Users\\Owner\\OneDrive\\Desktop\\KS Application Bot\\discord\\handlers\\ticket_handler.js\n- C:\\Users\\Owner\\OneDrive\\Desktop\\KS Application Bot\\core\\bot.js\n- C:\\Users\\Owner\\OneDrive\\Desktop\\KS Application Bot\\index.js"}
2025-10-13 21:54:58 [ERROR]: Failed to load command add.js {"error":"Cannot find module '../data/db_handler'\nRequire stack:\n- C:\\Users\\Owner\\OneDrive\\Desktop\\KS Application Bot\\core\\database\\tickets.js\n- C:\\Users\\Owner\\OneDrive\\Desktop\\KS Application Bot\\handlers\\ticket_handler.js\n- C:\\Users\\Owner\\OneDrive\\Desktop\\KS Application Bot\\discord\\ticket\\add.js\n- C:\\Users\\Owner\\OneDrive\\Desktop\\KS Application Bot\\core\\bot.js\n- C:\\Users\\Owner\\OneDrive\\Desktop\\KS Application Bot\\index.js"}
2025-10-13 21:54:58 [ERROR]: Failed to load command close.js {"error":"Cannot find module '../data/db_handler'\nRequire stack:\n- C:\\Users\\Owner\\OneDrive\\Desktop\\KS Application Bot\\core\\database\\tickets.js\n- C:\\Users\\Owner\\OneDrive\\Desktop\\KS Application Bot\\handlers\\ticket_handler.js\n- C:\\Users\\Owner\\OneDrive\\Desktop\\KS Application Bot\\discord\\ticket\\close.js\n- C:\\Users\\Owner\\OneDrive\\Desktop\\KS Application Bot\\core\\bot.js\n- C:\\Users\\Owner\\OneDrive\\Desktop\\KS Application Bot\\index.js"}
2025-10-13 21:54:58 [ERROR]: Failed to load command setup.js {"error":"Cannot find module '../../../core/database/servers'\nRequire stack:\n- C:\\Users\\Owner\\OneDrive\\Desktop\\KS Application Bot\\discord\\ticket\\setup.js\n- C:\\Users\\Owner\\OneDrive\\Desktop\\KS Application Bot\\core\\bot.js\n- C:\\Users\\Owner\\OneDrive\\Desktop\\KS Application Bot\\index.js"}
2025-10-13 21:54:58 [INFO]: Successfully loaded 0 commands
2025-10-13 21:54:58 [INFO]: Logging in to Discord...
2025-10-13 21:54:59 [INFO]: ============================================================
2025-10-13 21:54:59 [INFO]: Bot is now online and ready!
2025-10-13 21:54:59 [INFO]: ============================================================
2025-10-13 21:57:21 [INFO]: Received SIGINT, shutting down gracefully...
2025-10-13 21:57:21 [INFO]: Shutting down bot: SIGINT received
2025-10-13 21:57:22 [INFO]: Database Write {"collection":"backup","operation":"backupAll","recordCount":1,"success":true,"duration":"0ms"}
2025-10-13 21:57:26 [INFO]: ============================================================
2025-10-13 21:57:26 [INFO]: KS Bot - Application & Ticket System with Roblox Integration
2025-10-13 21:57:26 [INFO]: Version 2.0.0
2025-10-13 21:57:26 [INFO]: ============================================================
2025-10-13 21:57:26 [INFO]: Initializing bot...
2025-10-13 21:57:26 [INFO]: Initializing database system...
2025-10-13 21:57:26 [INFO]: Initializing database system...
2025-10-13 21:57:26 [INFO]: Database system initialized successfully
2025-10-13 21:57:26 [INFO]: Loading 21 command files...
2025-10-13 21:57:26 [ERROR]: Failed to load command approve.js {"error":"Cannot find module '../shared/constants'\nRequire stack:\n- C:\\Users\\Owner\\OneDrive\\Desktop\\KS Application Bot\\core\\database\\applications.js\n- C:\\Users\\Owner\\OneDrive\\Desktop\\KS Application Bot\\handlers\\application_handler.js\n- C:\\Users\\Owner\\OneDrive\\Desktop\\KS Application Bot\\discord\\application\\approve.js\n- C:\\Users\\Owner\\OneDrive\\Desktop\\KS Application Bot\\core\\bot.js\n- C:\\Users\\Owner\\OneDrive\\Desktop\\KS Application Bot\\index.js"}
2025-10-13 21:57:26 [ERROR]: Failed to load command create.js {"error":"Cannot find module '../../../core/database/servers'\nRequire stack:\n- C:\\Users\\Owner\\OneDrive\\Desktop\\KS Application Bot\\discord\\application\\create.js\n- C:\\Users\\Owner\\OneDrive\\Desktop\\KS Application Bot\\core\\bot.js\n- C:\\Users\\Owner\\OneDrive\\Desktop\\KS Application Bot\\index.js"}
2025-10-13 21:57:26 [ERROR]: Failed to load command deny.js {"error":"Cannot find module '../shared/constants'\nRequire stack:\n- C:\\Users\\Owner\\OneDrive\\Desktop\\KS Application Bot\\core\\database\\applications.js\n- C:\\Users\\Owner\\OneDrive\\Desktop\\KS Application Bot\\handlers\\application_handler.js\n- C:\\Users\\Owner\\OneDrive\\Desktop\\KS Application Bot\\discord\\application\\deny.js\n- C:\\Users\\Owner\\OneDrive\\Desktop\\KS Application Bot\\core\\bot.js\n- C:\\Users\\Owner\\OneDrive\\Desktop\\KS Application Bot\\index.js"}
2025-10-13 21:57:26 [ERROR]: Failed to load command list.js {"error":"Cannot find module '../../../core/database/applications'\nRequire stack:\n- C:\\Users\\Owner\\OneDrive\\Desktop\\KS Application Bot\\discord\\application\\list.js\n- C:\\Users\\Owner\\OneDrive\\Desktop\\KS Application Bot\\core\\bot.js\n- C:\\Users\\Owner\\OneDrive\\Desktop\\KS Application Bot\\index.js"}
2025-10-13 21:57:26 [ERROR]: Failed to load command view.js {"error":"Cannot find module '../../../core/database/applications'\nRequire stack:\n- C:\\Users\\Owner\\OneDrive\\Desktop\\KS Application Bot\\discord\\application\\view.js\n- C:\\Users\\Owner\\OneDrive\\Desktop\\KS Application Bot\\core\\bot.js\n- C:\\Users\\Owner\\OneDrive\\Desktop\\KS Application Bot\\index.js"}
2025-10-13 21:57:26 [ERROR]: Failed to load command applications.js {"error":"Cannot find module '../../../core/database/servers'\nRequire stack:\n- C:\\Users\\Owner\\OneDrive\\Desktop\\KS Application Bot\\discord\\dashboard\\applications.js\n- C:\\Users\\Owner\\OneDrive\\Desktop\\KS Application Bot\\core\\bot.js\n- C:\\Users\\Owner\\OneDrive\\Desktop\\KS Application Bot\\index.js"}
2025-10-13 21:57:26 [ERROR]: Failed to load command roblox.js {"error":"Cannot find module '../../../core/database/servers'\nRequire stack:\n- C:\\Users\\Owner\\OneDrive\\Desktop\\KS Application Bot\\discord\\dashboard\\roblox.js\n- C:\\Users\\Owner\\OneDrive\\Desktop\\KS Application Bot\\core\\bot.js\n- C:\\Users\\Owner\\OneDrive\\Desktop\\KS Application Bot\\index.js"}
2025-10-13 21:57:26 [ERROR]: Failed to load command setup.js {"error":"Cannot find module '../../../core/database/servers'\nRequire stack:\n- C:\\Users\\Owner\\OneDrive\\Desktop\\KS Application Bot\\discord\\dashboard\\setup.js\n- C:\\Users\\Owner\\OneDrive\\Desktop\\KS Application Bot\\core\\bot.js\n- C:\\Users\\Owner\\OneDrive\\Desktop\\KS Application Bot\\index.js"}
2025-10-13 21:57:26 [ERROR]: Failed to load command tickets.js {"error":"Cannot find module '../../../core/database/tickets'\nRequire stack:\n- C:\\Users\\Owner\\OneDrive\\Desktop\\KS Application Bot\\discord\\dashboard\\tickets.js\n- C:\\Users\\Owner\\OneDrive\\Desktop\\KS Application Bot\\core\\bot.js\n- C:\\Users\\Owner\\OneDrive\\Desktop\\KS Application Bot\\index.js"}
2025-10-13 21:57:26 [ERROR]: Failed to load command guildCreate.js {"error":"Cannot find module '../shared/utils/constants'\nRequire stack:\n- C:\\Users\\Owner\\OneDrive\\Desktop\\KS Application Bot\\core\\database\\servers.js\n- C:\\Users\\Owner\\OneDrive\\Desktop\\KS Application Bot\\discord\\events\\guildCreate.js\n- C:\\Users\\Owner\\OneDrive\\Desktop\\KS Application Bot\\core\\bot.js\n- C:\\Users\\Owner\\OneDrive\\Desktop\\KS Application Bot\\index.js"}
2025-10-13 21:57:26 [ERROR]: Failed to load command interactionCreate.js {"error":"Cannot find module '../shared/utils/constants'\nRequire stack:\n- C:\\Users\\Owner\\OneDrive\\Desktop\\KS Application Bot\\core\\database\\servers.js\n- C:\\Users\\Owner\\OneDrive\\Desktop\\KS Application Bot\\discord\\handlers\\application_handler.js\n- C:\\Users\\Owner\\OneDrive\\Desktop\\KS Application Bot\\discord\\events\\interactionCreate.js\n- C:\\Users\\Owner\\OneDrive\\Desktop\\KS Application Bot\\core\\bot.js\n- C:\\Users\\Owner\\OneDrive\\Desktop\\KS Application Bot\\index.js"}
2025-10-13 21:57:26 [ERROR]: Failed to load command messageCreate.js {"error":"Cannot find module '../shared/constants'\nRequire stack:\n- C:\\Users\\Owner\\OneDrive\\Desktop\\KS Application Bot\\core\\database\\tickets.js\n- C:\\Users\\Owner\\OneDrive\\Desktop\\KS Application Bot\\discord\\events\\messageCreate.js\n- C:\\Users\\Owner\\OneDrive\\Desktop\\KS Application Bot\\core\\bot.js\n- C:\\Users\\Owner\\OneDrive\\Desktop\\KS Application Bot\\index.js"}
2025-10-13 21:57:26 [ERROR]: Failed to load command application_handler.js {"error":"Cannot find module '../shared/utils/constants'\nRequire stack:\n- C:\\Users\\Owner\\OneDrive\\Desktop\\KS Application Bot\\core\\database\\servers.js\n- C:\\Users\\Owner\\OneDrive\\Desktop\\KS Application Bot\\discord\\handlers\\application_handler.js\n- C:\\Users\\Owner\\OneDrive\\Desktop\\KS Application Bot\\core\\bot.js\n- C:\\Users\\Owner\\OneDrive\\Desktop\\KS Application Bot\\index.js"}
2025-10-13 21:57:26 [ERROR]: Failed to load command permission_handler.js {"error":"Cannot find module '../shared/utils/constants'\nRequire stack:\n- C:\\Users\\Owner\\OneDrive\\Desktop\\KS Application Bot\\core\\database\\servers.js\n- C:\\Users\\Owner\\OneDrive\\Desktop\\KS Application Bot\\discord\\handlers\\permission_handler.js\n- C:\\Users\\Owner\\OneDrive\\Desktop\\KS Application Bot\\core\\bot.js\n- C:\\Users\\Owner\\OneDrive\\Desktop\\KS Application Bot\\index.js"}
2025-10-13 21:57:26 [ERROR]: Failed to load command ticket_handler.js {"error":"Cannot find module '../shared/utils/constants'\nRequire stack:\n- C:\\Users\\Owner\\OneDrive\\Desktop\\KS Application Bot\\core\\database\\servers.js\n- C:\\Users\\Owner\\OneDrive\\Desktop\\KS Application Bot\\discord\\handlers\\ticket_handler.js\n- C:\\Users\\Owner\\OneDrive\\Desktop\\KS Application Bot\\core\\bot.js\n- C:\\Users\\Owner\\OneDrive\\Desktop\\KS Application Bot\\index.js"}
2025-10-13 21:57:26 [ERROR]: Failed to load command add.js {"error":"Cannot find module '../shared/constants'\nRequire stack:\n- C:\\Users\\Owner\\OneDrive\\Desktop\\KS Application Bot\\core\\database\\tickets.js\n- C:\\Users\\Owner\\OneDrive\\Desktop\\KS Application Bot\\handlers\\ticket_handler.js\n- C:\\Users\\Owner\\OneDrive\\Desktop\\KS Application Bot\\discord\\ticket\\add.js\n- C:\\Users\\Owner\\OneDrive\\Desktop\\KS Application Bot\\core\\bot.js\n- C:\\Users\\Owner\\OneDrive\\Desktop\\KS Application Bot\\index.js"}
2025-10-13 21:57:26 [ERROR]: Failed to load command close.js {"error":"Cannot find module '../shared/constants'\nRequire stack:\n- C:\\Users\\Owner\\OneDrive\\Desktop\\KS Application Bot\\core\\database\\tickets.js\n- C:\\Users\\Owner\\OneDrive\\Desktop\\KS Application Bot\\handlers\\ticket_handler.js\n- C:\\Users\\Owner\\OneDrive\\Desktop\\KS Application Bot\\discord\\ticket\\close.js\n- C:\\Users\\Owner\\OneDrive\\Desktop\\KS Application Bot\\core\\bot.js\n- C:\\Users\\Owner\\OneDrive\\Desktop\\KS Application Bot\\index.js"}
2025-10-13 21:57:26 [ERROR]: Failed to load command setup.js {"error":"Cannot find module '../../../core/database/servers'\nRequire stack:\n- C:\\Users\\Owner\\OneDrive\\Desktop\\KS Application Bot\\discord\\ticket\\setup.js\n- C:\\Users\\Owner\\OneDrive\\Desktop\\KS Application Bot\\core\\bot.js\n- C:\\Users\\Owner\\OneDrive\\Desktop\\KS Application Bot\\index.js"}
2025-10-13 21:57:26 [INFO]: Successfully loaded 0 commands
2025-10-13 21:57:26 [INFO]: Logging in to Discord...
2025-10-13 21:57:26 [INFO]: ============================================================
2025-10-13 21:57:26 [INFO]: Bot is now online and ready!
2025-10-13 21:57:26 [INFO]: ============================================================
2025-10-13 21:58:59 [INFO]: Received SIGINT, shutting down gracefully...
2025-10-13 21:58:59 [INFO]: Shutting down bot: SIGINT received
2025-10-13 21:58:59 [INFO]: Database Write {"collection":"backup","operation":"backupAll","recordCount":1,"success":true,"duration":"0ms"}
2025-10-13 21:59:08 [INFO]: ============================================================
2025-10-13 21:59:08 [INFO]: KS Bot - Application & Ticket System with Roblox Integration
2025-10-13 21:59:08 [INFO]: Version 2.0.0
2025-10-13 21:59:08 [INFO]: ============================================================
2025-10-13 21:59:08 [INFO]: Initializing bot...
2025-10-13 21:59:08 [INFO]: Initializing database system...
2025-10-13 21:59:08 [INFO]: Initializing database system...
2025-10-13 21:59:08 [INFO]: Database system initialized successfully
2025-10-13 21:59:08 [INFO]: Loading 21 command files...
2025-10-13 21:59:08 [ERROR]: Failed to load command approve.js {"error":"Cannot find module '../../core/database/db_handler'\nRequire stack:\n- C:\\Users\\Owner\\OneDrive\\Desktop\\KS Application Bot\\roblox\\database\\submissions.js\n- C:\\Users\\Owner\\OneDrive\\Desktop\\KS Application Bot\\handlers\\application_handler.js\n- C:\\Users\\Owner\\OneDrive\\Desktop\\KS Application Bot\\discord\\application\\approve.js\n- C:\\Users\\Owner\\OneDrive\\Desktop\\KS Application Bot\\core\\bot.js\n- C:\\Users\\Owner\\OneDrive\\Desktop\\KS Application Bot\\index.js"}
2025-10-13 21:59:08 [ERROR]: Failed to load command create.js {"error":"Cannot find module '../../../core/database/servers'\nRequire stack:\n- C:\\Users\\Owner\\OneDrive\\Desktop\\KS Application Bot\\discord\\application\\create.js\n- C:\\Users\\Owner\\OneDrive\\Desktop\\KS Application Bot\\core\\bot.js\n- C:\\Users\\Owner\\OneDrive\\Desktop\\KS Application Bot\\index.js"}
2025-10-13 21:59:08 [ERROR]: Failed to load command deny.js {"error":"Cannot find module '../../core/database/db_handler'\nRequire stack:\n- C:\\Users\\Owner\\OneDrive\\Desktop\\KS Application Bot\\roblox\\database\\submissions.js\n- C:\\Users\\Owner\\OneDrive\\Desktop\\KS Application Bot\\handlers\\application_handler.js\n- C:\\Users\\Owner\\OneDrive\\Desktop\\KS Application Bot\\discord\\application\\deny.js\n- C:\\Users\\Owner\\OneDrive\\Desktop\\KS Application Bot\\core\\bot.js\n- C:\\Users\\Owner\\OneDrive\\Desktop\\KS Application Bot\\index.js"}
2025-10-13 21:59:08 [ERROR]: Failed to load command list.js {"error":"Cannot find module '../../../core/database/applications'\nRequire stack:\n- C:\\Users\\Owner\\OneDrive\\Desktop\\KS Application Bot\\discord\\application\\list.js\n- C:\\Users\\Owner\\OneDrive\\Desktop\\KS Application Bot\\core\\bot.js\n- C:\\Users\\Owner\\OneDrive\\Desktop\\KS Application Bot\\index.js"}
2025-10-13 21:59:08 [ERROR]: Failed to load command view.js {"error":"Cannot find module '../../../core/database/applications'\nRequire stack:\n- C:\\Users\\Owner\\OneDrive\\Desktop\\KS Application Bot\\discord\\application\\view.js\n- C:\\Users\\Owner\\OneDrive\\Desktop\\KS Application Bot\\core\\bot.js\n- C:\\Users\\Owner\\OneDrive\\Desktop\\KS Application Bot\\index.js"}
2025-10-13 21:59:08 [ERROR]: Failed to load command applications.js {"error":"Cannot find module '../../../core/database/servers'\nRequire stack:\n- C:\\Users\\Owner\\OneDrive\\Desktop\\KS Application Bot\\discord\\dashboard\\applications.js\n- C:\\Users\\Owner\\OneDrive\\Desktop\\KS Application Bot\\core\\bot.js\n- C:\\Users\\Owner\\OneDrive\\Desktop\\KS Application Bot\\index.js"}
2025-10-13 21:59:08 [ERROR]: Failed to load command roblox.js {"error":"Cannot find module '../../../core/database/servers'\nRequire stack:\n- C:\\Users\\Owner\\OneDrive\\Desktop\\KS Application Bot\\discord\\dashboard\\roblox.js\n- C:\\Users\\Owner\\OneDrive\\Desktop\\KS Application Bot\\core\\bot.js\n- C:\\Users\\Owner\\OneDrive\\Desktop\\KS Application Bot\\index.js"}
2025-10-13 21:59:08 [ERROR]: Failed to load command setup.js {"error":"Cannot find module '../../../core/database/servers'\nRequire stack:\n- C:\\Users\\Owner\\OneDrive\\Desktop\\KS Application Bot\\discord\\dashboard\\setup.js\n- C:\\Users\\Owner\\OneDrive\\Desktop\\KS Application Bot\\core\\bot.js\n- C:\\Users\\Owner\\OneDrive\\Desktop\\KS Application Bot\\index.js"}
2025-10-13 21:59:08 [ERROR]: Failed to load command tickets.js {"error":"Cannot find module '../../../core/database/tickets'\nRequire stack:\n- C:\\Users\\Owner\\OneDrive\\Desktop\\KS Application Bot\\discord\\dashboard\\tickets.js\n- C:\\Users\\Owner\\OneDrive\\Desktop\\KS Application Bot\\core\\bot.js\n- C:\\Users\\Owner\\OneDrive\\Desktop\\KS Application Bot\\index.js"}
2025-10-13 21:59:09 [ERROR]: Failed to load command interactionCreate.js {"error":"Cannot find module '../../core/database/db_handler'\nRequire stack:\n- C:\\Users\\Owner\\OneDrive\\Desktop\\KS Application Bot\\roblox\\database\\roblox_links.js\n- C:\\Users\\Owner\\OneDrive\\Desktop\\KS Application Bot\\discord\\events\\interactionCreate.js\n- C:\\Users\\Owner\\OneDrive\\Desktop\\KS Application Bot\\core\\bot.js\n- C:\\Users\\Owner\\OneDrive\\Desktop\\KS Application Bot\\index.js"}
2025-10-13 21:59:09 [ERROR]: Failed to load command add.js {"error":"Cannot find module '../../../core/database/tickets'\nRequire stack:\n- C:\\Users\\Owner\\OneDrive\\Desktop\\KS Application Bot\\discord\\ticket\\add.js\n- C:\\Users\\Owner\\OneDrive\\Desktop\\KS Application Bot\\core\\bot.js\n- C:\\Users\\Owner\\OneDrive\\Desktop\\KS Application Bot\\index.js"}
2025-10-13 21:59:09 [ERROR]: Failed to load command close.js {"error":"Cannot find module '../../../core/database/tickets'\nRequire stack:\n- C:\\Users\\Owner\\OneDrive\\Desktop\\KS Application Bot\\discord\\ticket\\close.js\n- C:\\Users\\Owner\\OneDrive\\Desktop\\KS Application Bot\\core\\bot.js\n- C:\\Users\\Owner\\OneDrive\\Desktop\\KS Application Bot\\index.js"}
2025-10-13 21:59:09 [ERROR]: Failed to load command setup.js {"error":"Cannot find module '../../../core/database/servers'\nRequire stack:\n- C:\\Users\\Owner\\OneDrive\\Desktop\\KS Application Bot\\discord\\ticket\\setup.js\n- C:\\Users\\Owner\\OneDrive\\Desktop\\KS Application Bot\\core\\bot.js\n- C:\\Users\\Owner\\OneDrive\\Desktop\\KS Application Bot\\index.js"}
2025-10-13 21:59:09 [INFO]: Successfully loaded 2 commands
2025-10-13 21:59:09 [INFO]: Logging in to Discord...
2025-10-13 21:59:09 [INFO]: ============================================================
2025-10-13 21:59:09 [INFO]: Bot is now online and ready!
2025-10-13 21:59:09 [INFO]: ============================================================
2025-10-13 22:00:13 [INFO]: Received SIGINT, shutting down gracefully...
2025-10-13 22:00:13 [INFO]: Shutting down bot: SIGINT received
2025-10-13 22:00:13 [INFO]: Database Write {"collection":"backup","operation":"backupAll","recordCount":1,"success":true,"duration":"0ms"}
2025-10-13 22:03:11 [INFO]: ============================================================
2025-10-13 22:03:11 [INFO]: KS Bot - Application & Ticket System with Roblox Integration
2025-10-13 22:03:11 [INFO]: Version 2.0.0
2025-10-13 22:03:11 [INFO]: ============================================================
2025-10-13 22:03:11 [INFO]: Initializing bot...
2025-10-13 22:03:11 [INFO]: Initializing database system...
2025-10-13 22:03:11 [INFO]: Initializing database system...
2025-10-13 22:03:11 [INFO]: Database system initialized successfully
2025-10-13 22:03:11 [INFO]: Loading 21 command files...
2025-10-13 22:03:11 [ERROR]: Failed to load command create.js {"error":"Cannot find module '../../../core/database/servers'\nRequire stack:\n- C:\\Users\\Owner\\OneDrive\\Desktop\\KS Application Bot\\discord\\application\\create.js\n- C:\\Users\\Owner\\OneDrive\\Desktop\\KS Application Bot\\core\\bot.js\n- C:\\Users\\Owner\\OneDrive\\Desktop\\KS Application Bot\\index.js"}
2025-10-13 22:03:11 [ERROR]: Failed to load command list.js {"error":"Cannot find module '../../../core/database/applications'\nRequire stack:\n- C:\\Users\\Owner\\OneDrive\\Desktop\\KS Application Bot\\discord\\application\\list.js\n- C:\\Users\\Owner\\OneDrive\\Desktop\\KS Application Bot\\core\\bot.js\n- C:\\Users\\Owner\\OneDrive\\Desktop\\KS Application Bot\\index.js"}
2025-10-13 22:03:11 [ERROR]: Failed to load command view.js {"error":"Cannot find module '../../../core/database/applications'\nRequire stack:\n- C:\\Users\\Owner\\OneDrive\\Desktop\\KS Application Bot\\discord\\application\\view.js\n- C:\\Users\\Owner\\OneDrive\\Desktop\\KS Application Bot\\core\\bot.js\n- C:\\Users\\Owner\\OneDrive\\Desktop\\KS Application Bot\\index.js"}
2025-10-13 22:03:11 [ERROR]: Failed to load command applications.js {"error":"Cannot find module '../../../core/database/servers'\nRequire stack:\n- C:\\Users\\Owner\\OneDrive\\Desktop\\KS Application Bot\\discord\\dashboard\\applications.js\n- C:\\Users\\Owner\\OneDrive\\Desktop\\KS Application Bot\\core\\bot.js\n- C:\\Users\\Owner\\OneDrive\\Desktop\\KS Application Bot\\index.js"}
2025-10-13 22:03:11 [ERROR]: Failed to load command roblox.js {"error":"Cannot find module '../../../core/database/servers'\nRequire stack:\n- C:\\Users\\Owner\\OneDrive\\Desktop\\KS Application Bot\\discord\\dashboard\\roblox.js\n- C:\\Users\\Owner\\OneDrive\\Desktop\\KS Application Bot\\core\\bot.js\n- C:\\Users\\Owner\\OneDrive\\Desktop\\KS Application Bot\\index.js"}
2025-10-13 22:03:11 [ERROR]: Failed to load command setup.js {"error":"Cannot find module '../../../core/database/servers'\nRequire stack:\n- C:\\Users\\Owner\\OneDrive\\Desktop\\KS Application Bot\\discord\\dashboard\\setup.js\n- C:\\Users\\Owner\\OneDrive\\Desktop\\KS Application Bot\\core\\bot.js\n- C:\\Users\\Owner\\OneDrive\\Desktop\\KS Application Bot\\index.js"}
2025-10-13 22:03:11 [ERROR]: Failed to load command tickets.js {"error":"Cannot find module '../../../core/database/tickets'\nRequire stack:\n- C:\\Users\\Owner\\OneDrive\\Desktop\\KS Application Bot\\discord\\dashboard\\tickets.js\n- C:\\Users\\Owner\\OneDrive\\Desktop\\KS Application Bot\\core\\bot.js\n- C:\\Users\\Owner\\OneDrive\\Desktop\\KS Application Bot\\index.js"}
2025-10-13 22:03:11 [ERROR]: Failed to load command interactionCreate.js {"error":"Cannot find module '../../core/database/db_handler'\nRequire stack:\n- C:\\Users\\Owner\\OneDrive\\Desktop\\KS Application Bot\\roblox\\utils\\verification.js\n- C:\\Users\\Owner\\OneDrive\\Desktop\\KS Application Bot\\discord\\events\\interactionCreate.js\n- C:\\Users\\Owner\\OneDrive\\Desktop\\KS Application Bot\\core\\bot.js\n- C:\\Users\\Owner\\OneDrive\\Desktop\\KS Application Bot\\index.js"}
2025-10-13 22:03:11 [ERROR]: Failed to load command add.js {"error":"Cannot find module '../../../core/database/tickets'\nRequire stack:\n- C:\\Users\\Owner\\OneDrive\\Desktop\\KS Application Bot\\discord\\ticket\\add.js\n- C:\\Users\\Owner\\OneDrive\\Desktop\\KS Application Bot\\core\\bot.js\n- C:\\Users\\Owner\\OneDrive\\Desktop\\KS Application Bot\\index.js"}
2025-10-13 22:03:11 [ERROR]: Failed to load command close.js {"error":"Cannot find module '../../../core/database/tickets'\nRequire stack:\n- C:\\Users\\Owner\\OneDrive\\Desktop\\KS Application Bot\\discord\\ticket\\close.js\n- C:\\Users\\Owner\\OneDrive\\Desktop\\KS Application Bot\\core\\bot.js\n- C:\\Users\\Owner\\OneDrive\\Desktop\\KS Application Bot\\index.js"}
2025-10-13 22:03:11 [ERROR]: Failed to load command setup.js {"error":"Cannot find module '../../../core/database/servers'\nRequire stack:\n- C:\\Users\\Owner\\OneDrive\\Desktop\\KS Application Bot\\discord\\ticket\\setup.js\n- C:\\Users\\Owner\\OneDrive\\Desktop\\KS Application Bot\\core\\bot.js\n- C:\\Users\\Owner\\OneDrive\\Desktop\\KS Application Bot\\index.js"}
2025-10-13 22:03:11 [INFO]: Successfully loaded 2 commands
2025-10-13 22:03:11 [INFO]: Logging in to Discord...
2025-10-13 22:03:12 [INFO]: ============================================================
2025-10-13 22:03:12 [INFO]: Bot is now online and ready!
2025-10-13 22:03:12 [INFO]: ============================================================
2025-10-13 22:07:31 [INFO]: Received SIGINT, shutting down gracefully...
2025-10-13 22:07:31 [INFO]: Shutting down bot: SIGINT received
2025-10-13 22:07:31 [INFO]: Database Write {"collection":"backup","operation":"backupAll","recordCount":1,"success":true,"duration":"0ms"}
2025-10-13 22:07:35 [INFO]: ============================================================
2025-10-13 22:07:35 [INFO]: KS Bot - Application & Ticket System with Roblox Integration
2025-10-13 22:07:35 [INFO]: Version 2.0.0
2025-10-13 22:07:35 [INFO]: ============================================================
2025-10-13 22:07:35 [INFO]: Initializing bot...
2025-10-13 22:07:35 [INFO]: Initializing database system...
2025-10-13 22:07:35 [INFO]: Initializing database system...
2025-10-13 22:07:35 [INFO]: Database system initialized successfully
2025-10-13 22:07:35 [INFO]: Loading 21 command files...
2025-10-13 22:07:35 [ERROR]: Failed to load command create.js {"error":"Cannot find module '../../../core/database/servers'\nRequire stack:\n- C:\\Users\\Owner\\OneDrive\\Desktop\\KS Application Bot\\discord\\application\\create.js\n- C:\\Users\\Owner\\OneDrive\\Desktop\\KS Application Bot\\core\\bot.js\n- C:\\Users\\Owner\\OneDrive\\Desktop\\KS Application Bot\\index.js"}
2025-10-13 22:07:35 [ERROR]: Failed to load command list.js {"error":"Cannot find module '../../../core/database/applications'\nRequire stack:\n- C:\\Users\\Owner\\OneDrive\\Desktop\\KS Application Bot\\discord\\application\\list.js\n- C:\\Users\\Owner\\OneDrive\\Desktop\\KS Application Bot\\core\\bot.js\n- C:\\Users\\Owner\\OneDrive\\Desktop\\KS Application Bot\\index.js"}
2025-10-13 22:07:35 [ERROR]: Failed to load command view.js {"error":"Cannot find module '../../../core/database/applications'\nRequire stack:\n- C:\\Users\\Owner\\OneDrive\\Desktop\\KS Application Bot\\discord\\application\\view.js\n- C:\\Users\\Owner\\OneDrive\\Desktop\\KS Application Bot\\core\\bot.js\n- C:\\Users\\Owner\\OneDrive\\Desktop\\KS Application Bot\\index.js"}
2025-10-13 22:07:35 [ERROR]: Failed to load command applications.js {"error":"Cannot find module '../../../core/database/servers'\nRequire stack:\n- C:\\Users\\Owner\\OneDrive\\Desktop\\KS Application Bot\\discord\\dashboard\\applications.js\n- C:\\Users\\Owner\\OneDrive\\Desktop\\KS Application Bot\\core\\bot.js\n- C:\\Users\\Owner\\OneDrive\\Desktop\\KS Application Bot\\index.js"}
2025-10-13 22:07:35 [ERROR]: Failed to load command roblox.js {"error":"Cannot find module '../../../core/database/servers'\nRequire stack:\n- C:\\Users\\Owner\\OneDrive\\Desktop\\KS Application Bot\\discord\\dashboard\\roblox.js\n- C:\\Users\\Owner\\OneDrive\\Desktop\\KS Application Bot\\core\\bot.js\n- C:\\Users\\Owner\\OneDrive\\Desktop\\KS Application Bot\\index.js"}
2025-10-13 22:07:35 [ERROR]: Failed to load command setup.js {"error":"Cannot find module '../../../core/database/servers'\nRequire stack:\n- C:\\Users\\Owner\\OneDrive\\Desktop\\KS Application Bot\\discord\\dashboard\\setup.js\n- C:\\Users\\Owner\\OneDrive\\Desktop\\KS Application Bot\\core\\bot.js\n- C:\\Users\\Owner\\OneDrive\\Desktop\\KS Application Bot\\index.js"}
2025-10-13 22:07:35 [ERROR]: Failed to load command tickets.js {"error":"Cannot find module '../../../core/database/tickets'\nRequire stack:\n- C:\\Users\\Owner\\OneDrive\\Desktop\\KS Application Bot\\discord\\dashboard\\tickets.js\n- C:\\Users\\Owner\\OneDrive\\Desktop\\KS Application Bot\\core\\bot.js\n- C:\\Users\\Owner\\OneDrive\\Desktop\\KS Application Bot\\index.js"}
2025-10-13 22:07:35 [ERROR]: Failed to load command interactionCreate.js {"error":"Encryption key must be 32 bytes (64 hex characters)"}
2025-10-13 22:07:35 [ERROR]: Failed to load command add.js {"error":"Cannot find module '../../../core/database/tickets'\nRequire stack:\n- C:\\Users\\Owner\\OneDrive\\Desktop\\KS Application Bot\\discord\\ticket\\add.js\n- C:\\Users\\Owner\\OneDrive\\Desktop\\KS Application Bot\\core\\bot.js\n- C:\\Users\\Owner\\OneDrive\\Desktop\\KS Application Bot\\index.js"}
2025-10-13 22:07:35 [ERROR]: Failed to load command close.js {"error":"Cannot find module '../../../core/database/tickets'\nRequire stack:\n- C:\\Users\\Owner\\OneDrive\\Desktop\\KS Application Bot\\discord\\ticket\\close.js\n- C:\\Users\\Owner\\OneDrive\\Desktop\\KS Application Bot\\core\\bot.js\n- C:\\Users\\Owner\\OneDrive\\Desktop\\KS Application Bot\\index.js"}
2025-10-13 22:07:35 [ERROR]: Failed to load command setup.js {"error":"Cannot find module '../../../core/database/servers'\nRequire stack:\n- C:\\Users\\Owner\\OneDrive\\Desktop\\KS Application Bot\\discord\\ticket\\setup.js\n- C:\\Users\\Owner\\OneDrive\\Desktop\\KS Application Bot\\core\\bot.js\n- C:\\Users\\Owner\\OneDrive\\Desktop\\KS Application Bot\\index.js"}
2025-10-13 22:07:35 [INFO]: Successfully loaded 2 commands
2025-10-13 22:07:35 [INFO]: Logging in to Discord...
2025-10-13 22:07:36 [INFO]: ============================================================
2025-10-13 22:07:36 [INFO]: Bot is now online and ready!
2025-10-13 22:07:36 [INFO]: ============================================================
2025-10-13 22:09:53 [INFO]: Received SIGINT, shutting down gracefully...
2025-10-13 22:09:53 [INFO]: Shutting down bot: SIGINT received
2025-10-13 22:09:53 [INFO]: Database Write {"collection":"backup","operation":"backupAll","recordCount":1,"success":true,"duration":"0ms"}
2025-10-13 22:10:13 [INFO]: ============================================================
2025-10-13 22:10:13 [INFO]: KS Bot - Application & Ticket System with Roblox Integration
2025-10-13 22:10:13 [INFO]: Version 2.0.0
2025-10-13 22:10:13 [INFO]: ============================================================
2025-10-13 22:10:13 [INFO]: Initializing bot...
2025-10-13 22:10:13 [INFO]: Initializing database system...
2025-10-13 22:10:13 [INFO]: Initializing database system...
2025-10-13 22:10:13 [INFO]: Database system initialized successfully
2025-10-13 22:10:13 [INFO]: Loading 21 command files...
2025-10-13 22:10:14 [ERROR]: Failed to load command list.js {"error":"Cannot find module '../../../shared/utils/formatter'\nRequire stack:\n- C:\\Users\\Owner\\OneDrive\\Desktop\\KS Application Bot\\discord\\application\\list.js\n- C:\\Users\\Owner\\OneDrive\\Desktop\\KS Application Bot\\core\\bot.js\n- C:\\Users\\Owner\\OneDrive\\Desktop\\KS Application Bot\\index.js"}
2025-10-13 22:10:14 [ERROR]: Failed to load command view.js {"error":"Cannot find module '../../embeds/application_embeds'\nRequire stack:\n- C:\\Users\\Owner\\OneDrive\\Desktop\\KS Application Bot\\discord\\application\\view.js\n- C:\\Users\\Owner\\OneDrive\\Desktop\\KS Application Bot\\core\\bot.js\n- C:\\Users\\Owner\\OneDrive\\Desktop\\KS Application Bot\\index.js"}
2025-10-13 22:10:14 [ERROR]: Failed to load command roblox.js {"error":"Cannot find module '../../../roblox/database/roblox_links'\nRequire stack:\n- C:\\Users\\Owner\\OneDrive\\Desktop\\KS Application Bot\\discord\\dashboard\\roblox.js\n- C:\\Users\\Owner\\OneDrive\\Desktop\\KS Application Bot\\core\\bot.js\n- C:\\Users\\Owner\\OneDrive\\Desktop\\KS Application Bot\\index.js"}
2025-10-13 22:10:14 [ERROR]: Failed to load command interactionCreate.js {"error":"Encryption key must be 32 bytes (64 hex characters)"}
2025-10-13 22:10:14 [INFO]: Successfully loaded 2 commands
2025-10-13 22:10:14 [INFO]: Logging in to Discord...
2025-10-13 22:10:15 [INFO]: ============================================================
2025-10-13 22:10:15 [INFO]: Bot is now online and ready!
2025-10-13 22:10:15 [INFO]: ============================================================
2025-10-13 22:11:55 [INFO]: Received SIGINT, shutting down gracefully...
2025-10-13 22:11:55 [INFO]: Shutting down bot: SIGINT received
2025-10-13 22:11:55 [INFO]: Database Write {"collection":"backup","operation":"backupAll","recordCount":1,"success":true,"duration":"0ms"}
2025-10-13 22:11:59 [INFO]: ============================================================
2025-10-13 22:11:59 [INFO]: KS Bot - Application & Ticket System with Roblox Integration
2025-10-13 22:11:59 [INFO]: Version 2.0.0
2025-10-13 22:11:59 [INFO]: ============================================================
2025-10-13 22:11:59 [INFO]: Initializing bot...
2025-10-13 22:11:59 [INFO]: Initializing database system...
2025-10-13 22:11:59 [INFO]: Initializing database system...
2025-10-13 22:11:59 [INFO]: Database system initialized successfully
2025-10-13 22:11:59 [INFO]: Loading 21 command files...
2025-10-13 22:11:59 [ERROR]: Failed to load command list.js {"error":"Cannot find module '../../../shared/utils/formatter'\nRequire stack:\n- C:\\Users\\Owner\\OneDrive\\Desktop\\KS Application Bot\\discord\\application\\list.js\n- C:\\Users\\Owner\\OneDrive\\Desktop\\KS Application Bot\\core\\bot.js\n- C:\\Users\\Owner\\OneDrive\\Desktop\\KS Application Bot\\index.js"}
2025-10-13 22:11:59 [ERROR]: Failed to load command view.js {"error":"Cannot find module '../../embeds/application_embeds'\nRequire stack:\n- C:\\Users\\Owner\\OneDrive\\Desktop\\KS Application Bot\\discord\\application\\view.js\n- C:\\Users\\Owner\\OneDrive\\Desktop\\KS Application Bot\\core\\bot.js\n- C:\\Users\\Owner\\OneDrive\\Desktop\\KS Application Bot\\index.js"}
2025-10-13 22:11:59 [ERROR]: Failed to load command roblox.js {"error":"Cannot find module '../../../roblox/database/roblox_links'\nRequire stack:\n- C:\\Users\\Owner\\OneDrive\\Desktop\\KS Application Bot\\discord\\dashboard\\roblox.js\n- C:\\Users\\Owner\\OneDrive\\Desktop\\KS Application Bot\\core\\bot.js\n- C:\\Users\\Owner\\OneDrive\\Desktop\\KS Application Bot\\index.js"}
2025-10-13 22:11:59 [ERROR]: Failed to load command interactionCreate.js {"error":"Encryption key must be 32 bytes (64 hex characters)"}
2025-10-13 22:11:59 [INFO]: Successfully loaded 2 commands
2025-10-13 22:11:59 [INFO]: Logging in to Discord...
2025-10-13 22:12:00 [INFO]: ============================================================
2025-10-13 22:12:00 [INFO]: Bot is now online and ready!
2025-10-13 22:12:00 [INFO]: ============================================================
2025-10-13 22:13:25 [INFO]: Received SIGINT, shutting down gracefully...
2025-10-13 22:13:25 [INFO]: Shutting down bot: SIGINT received
2025-10-13 22:13:25 [INFO]: Database Write {"collection":"backup","operation":"backupAll","recordCount":1,"success":true,"duration":"0ms"}
2025-10-13 22:13:30 [INFO]: ============================================================
2025-10-13 22:13:30 [INFO]: KS Bot - Application & Ticket System with Roblox Integration
2025-10-13 22:13:30 [INFO]: Version 2.0.0
2025-10-13 22:13:30 [INFO]: ============================================================
2025-10-13 22:13:30 [INFO]: Initializing bot...
2025-10-13 22:13:30 [INFO]: Initializing database system...
2025-10-13 22:13:30 [INFO]: Initializing database system...
2025-10-13 22:13:30 [INFO]: Database system initialized successfully
2025-10-13 22:13:30 [INFO]: Loading 21 command files...
2025-10-13 22:13:30 [ERROR]: Failed to load command roblox.js {"error":"Cannot find module '../../../roblox/utils/verification'\nRequire stack:\n- C:\\Users\\Owner\\OneDrive\\Desktop\\KS Application Bot\\discord\\dashboard\\roblox.js\n- C:\\Users\\Owner\\OneDrive\\Desktop\\KS Application Bot\\core\\bot.js\n- C:\\Users\\Owner\\OneDrive\\Desktop\\KS Application Bot\\index.js"}
2025-10-13 22:13:30 [ERROR]: Failed to load command interactionCreate.js {"error":"Encryption key must be 32 bytes (64 hex characters)"}
2025-10-13 22:13:30 [INFO]: Successfully loaded 2 commands
2025-10-13 22:13:30 [INFO]: Logging in to Discord...
2025-10-13 22:13:31 [INFO]: ============================================================
2025-10-13 22:13:31 [INFO]: Bot is now online and ready!
2025-10-13 22:13:31 [INFO]: ============================================================
2025-10-13 23:13:30 [INFO]: Database Write {"collection":"backup","operation":"backupAll","recordCount":1,"success":true,"duration":"0ms"}
