2025-10-14 00:13:30 [INFO]: Database Write {"collection":"backup","operation":"backupAll","recordCount":1,"success":true,"duration":"0ms"}
2025-10-14 01:04:25 [INFO]: ============================================================
2025-10-14 01:04:25 [INFO]: KS Bot - Application & Ticket System with Roblox Integration
2025-10-14 01:04:25 [INFO]: Version 2.0.0
2025-10-14 01:04:25 [INFO]: ============================================================
2025-10-14 01:04:25 [INFO]: Initializing bot...
2025-10-14 01:04:25 [INFO]: Initializing database system...
2025-10-14 01:04:25 [INFO]: Initializing database system...
2025-10-14 01:04:25 [INFO]: Database system initialized successfully
2025-10-14 01:04:25 [INFO]: Loading 21 command files...
2025-10-14 01:04:25 [ERROR]: Failed to load command roblox.js {"error":"Cannot find module '../../../roblox/utils/verification'\nRequire stack:\n- C:\\Users\\Owner\\OneDrive\\Desktop\\KS Application Bot\\discord\\dashboard\\roblox.js\n- C:\\Users\\Owner\\OneDrive\\Desktop\\KS Application Bot\\core\\bot.js\n- C:\\Users\\Owner\\OneDrive\\Desktop\\KS Application Bot\\index.js"}
2025-10-14 01:04:25 [ERROR]: Failed to load command interactionCreate.js {"error":"Encryption key must be 32 bytes (64 hex characters)"}
2025-10-14 01:04:25 [INFO]: Successfully loaded 2 commands
2025-10-14 01:04:25 [INFO]: Logging in to Discord...
2025-10-14 01:04:27 [INFO]: ============================================================
2025-10-14 01:04:27 [INFO]: Bot is now online and ready!
2025-10-14 01:04:27 [INFO]: ============================================================
2025-10-14 02:04:25 [INFO]: Database Write {"collection":"backup","operation":"backupAll","recordCount":1,"success":true,"duration":"0ms"}
2025-10-14 03:04:25 [INFO]: Database Write {"collection":"backup","operation":"backupAll","recordCount":1,"success":true,"duration":"0ms"}
2025-10-14 03:04:35 [INFO]: Received SIGINT, shutting down gracefully...
2025-10-14 03:04:35 [INFO]: Shutting down bot: SIGINT received
2025-10-14 03:04:35 [INFO]: Database Write {"collection":"backup","operation":"backupAll","recordCount":1,"success":true,"duration":"0ms"}
2025-10-14 03:05:15 [INFO]: ============================================================
2025-10-14 03:05:15 [INFO]: KS Bot - Application & Ticket System with Roblox Integration
2025-10-14 03:05:15 [INFO]: Version 2.0.0
2025-10-14 03:05:15 [INFO]: ============================================================
2025-10-14 03:05:15 [INFO]: Initializing bot...
2025-10-14 03:05:15 [INFO]: Initializing database system...
2025-10-14 03:05:15 [INFO]: Initializing database system...
2025-10-14 03:05:15 [INFO]: Database system initialized successfully
2025-10-14 03:05:15 [INFO]: Loading 21 command files...
2025-10-14 03:05:15 [ERROR]: Failed to load command roblox.js {"error":"Encryption key must be 32 bytes (64 hex characters)"}
2025-10-14 03:05:15 [ERROR]: Failed to load command interactionCreate.js {"error":"Encryption key must be 32 bytes (64 hex characters)"}
2025-10-14 03:05:15 [INFO]: Successfully loaded 2 commands
2025-10-14 03:05:15 [INFO]: Logging in to Discord...
2025-10-14 03:05:16 [INFO]: ============================================================
2025-10-14 03:05:16 [INFO]: Bot is now online and ready!
2025-10-14 03:05:16 [INFO]: ============================================================
2025-10-14 03:06:20 [INFO]: Received SIGINT, shutting down gracefully...
2025-10-14 03:06:20 [INFO]: Shutting down bot: SIGINT received
2025-10-14 03:06:21 [INFO]: Database Write {"collection":"backup","operation":"backupAll","recordCount":1,"success":true,"duration":"0ms"}
2025-10-14 03:06:49 [INFO]: ============================================================
2025-10-14 03:06:49 [INFO]: KS Bot - Application & Ticket System with Roblox Integration
2025-10-14 03:06:49 [INFO]: Version 2.0.0
2025-10-14 03:06:49 [INFO]: ============================================================
2025-10-14 03:06:49 [INFO]: Initializing bot...
2025-10-14 03:06:49 [INFO]: Initializing database system...
2025-10-14 03:06:49 [INFO]: Initializing database system...
2025-10-14 03:06:49 [INFO]: Database system initialized successfully
2025-10-14 03:06:49 [INFO]: Loading 21 command files...
2025-10-14 03:06:49 [INFO]: Successfully loaded 3 commands
2025-10-14 03:06:49 [INFO]: Logging in to Discord...
2025-10-14 03:06:50 [INFO]: ============================================================
2025-10-14 03:06:50 [INFO]: Bot is now online and ready!
2025-10-14 03:06:50 [INFO]: ============================================================
2025-10-14 03:12:37 [INFO]: Received SIGINT, shutting down gracefully...
2025-10-14 03:12:37 [INFO]: Shutting down bot: SIGINT received
2025-10-14 03:12:37 [INFO]: Database Write {"collection":"backup","operation":"backupAll","recordCount":1,"success":true,"duration":"0ms"}
2025-10-14 03:12:41 [INFO]: ============================================================
2025-10-14 03:12:41 [INFO]: KS Bot - Application & Ticket System with Roblox Integration
2025-10-14 03:12:41 [INFO]: Version 2.0.0
2025-10-14 03:12:41 [INFO]: ============================================================
2025-10-14 03:12:41 [INFO]: Initializing bot...
2025-10-14 03:12:41 [INFO]: Initializing database system...
2025-10-14 03:12:41 [INFO]: Initializing database system...
2025-10-14 03:12:41 [INFO]: Database system initialized successfully
2025-10-14 03:12:41 [INFO]: Loading 21 command files...
2025-10-14 03:12:41 [INFO]: Successfully loaded 15 commands
2025-10-14 03:12:41 [INFO]: Logging in to Discord...
2025-10-14 03:12:42 [INFO]: ============================================================
2025-10-14 03:12:42 [INFO]: Bot is now online and ready!
2025-10-14 03:12:42 [INFO]: ============================================================
2025-10-14 04:12:41 [INFO]: Database Write {"collection":"backup","operation":"backupAll","recordCount":1,"success":true,"duration":"0ms"}
2025-10-14 05:12:41 [INFO]: Database Write {"collection":"backup","operation":"backupAll","recordCount":1,"success":true,"duration":"0ms"}
2025-10-14 06:12:41 [INFO]: Database Write {"collection":"backup","operation":"backupAll","recordCount":1,"success":true,"duration":"0ms"}
2025-10-14 07:12:41 [INFO]: Database Write {"collection":"backup","operation":"backupAll","recordCount":1,"success":true,"duration":"0ms"}
2025-10-14 08:12:41 [INFO]: Database Write {"collection":"backup","operation":"backupAll","recordCount":1,"success":true,"duration":"0ms"}
2025-10-14 09:12:41 [INFO]: Database Write {"collection":"backup","operation":"backupAll","recordCount":1,"success":true,"duration":"0ms"}
2025-10-14 10:12:41 [INFO]: Database Write {"collection":"backup","operation":"backupAll","recordCount":1,"success":true,"duration":"0ms"}
2025-10-14 11:12:41 [INFO]: Database Write {"collection":"backup","operation":"backupAll","recordCount":1,"success":true,"duration":"0ms"}
2025-10-14 12:12:41 [INFO]: Database Write {"collection":"backup","operation":"backupAll","recordCount":1,"success":true,"duration":"0ms"}
2025-10-14 13:12:41 [INFO]: Database Write {"collection":"backup","operation":"backupAll","recordCount":1,"success":true,"duration":"0ms"}
2025-10-14 14:12:41 [INFO]: Database Write {"collection":"backup","operation":"backupAll","recordCount":1,"success":true,"duration":"0ms"}
2025-10-14 15:12:41 [INFO]: Database Write {"collection":"backup","operation":"backupAll","recordCount":1,"success":true,"duration":"0ms"}
2025-10-14 16:12:41 [INFO]: Database Write {"collection":"backup","operation":"backupAll","recordCount":1,"success":true,"duration":"0ms"}
2025-10-14 17:12:41 [INFO]: Database Write {"collection":"backup","operation":"backupAll","recordCount":1,"success":true,"duration":"0ms"}
2025-10-14 18:12:41 [INFO]: Database Write {"collection":"backup","operation":"backupAll","recordCount":1,"success":true,"duration":"0ms"}
2025-10-14 19:12:41 [INFO]: Database Write {"collection":"backup","operation":"backupAll","recordCount":1,"success":true,"duration":"0ms"}
2025-10-14 20:12:41 [INFO]: Database Write {"collection":"backup","operation":"backupAll","recordCount":1,"success":true,"duration":"0ms"}
2025-10-14 21:12:41 [INFO]: Database Write {"collection":"backup","operation":"backupAll","recordCount":1,"success":true,"duration":"0ms"}
2025-10-14 22:12:41 [INFO]: Database Write {"collection":"backup","operation":"backupAll","recordCount":1,"success":true,"duration":"0ms"}
2025-10-14 23:12:41 [INFO]: Database Write {"collection":"backup","operation":"backupAll","recordCount":1,"success":true,"duration":"0ms"}
